<?xml version="1.0" encoding="UTF-8"?>
<testsuite xmlns:xsi="http://www.w3.org/2001/XMLSchema-instance" xsi:noNamespaceSchemaLocation="https://maven.apache.org/surefire/maven-surefire-plugin/xsd/surefire-test-report.xsd" name="com.example.runner.TestRun" time="0.515" tests="1" errors="1" skipped="0" failures="0">
  <properties>
[...]
</properties>
  <testcase name="userlogin" classname="Login Feature" time="0.114">
    <error message="The step &apos;Open the browser and navigate to hotel app&apos; and 4 other step(s) are undefined.&#10;You can implement these steps using the snippet(s) below:&#10;&#10;@Given(&quot;Open the browser and navigate to hotel app&quot;)&#10;public void open_the_browser_and_navigate_to_hotel_app() {&#10;    // Write code here that turns the phrase above into concrete actions&#10;    throw new io.cucumber.java.PendingException();&#10;}&#10;@When(&quot;user enters the valid username&quot;)&#10;public void user_enters_the_valid_username() {&#10;    // Write code here that turns the phrase above into concrete actions&#10;    throw new io.cucumber.java.PendingException();&#10;}&#10;@When(&quot;user enters the valid password&quot;)&#10;public void user_enters_the_valid_password() {&#10;    // Write code here that turns the phrase above into concrete actions&#10;    throw new io.cucumber.java.PendingException();&#10;}&#10;@When(&quot;Clicks on login button&quot;)&#10;public void clicks_on_login_button() {&#10;    // Write code here that turns the phrase above into concrete actions&#10;    throw new io.cucumber.java.PendingException();&#10;}&#10;@Then(&quot;Verify the redirected page is valid&quot;)&#10;public void verify_the_redirected_page_is_valid() {&#10;    // Write code here that turns the phrase above into concrete actions&#10;    throw new io.cucumber.java.PendingException();&#10;}&#10;" type="io.cucumber.junit.UndefinedStepException">io.cucumber.junit.UndefinedStepException: 
The step 'Open the browser and navigate to hotel app' and 4 other step(s) are undefined.
You can implement these steps using the snippet(s) below:

@Given("Open the browser and navigate to hotel app")
public void open_the_browser_and_navigate_to_hotel_app() {
    // Write code here that turns the phrase above into concrete actions
    throw new io.cucumber.java.PendingException();
}
@When("user enters the valid username")
public void user_enters_the_valid_username() {
    // Write code here that turns the phrase above into concrete actions
    throw new io.cucumber.java.PendingException();
}
@When("user enters the valid password")
public void user_enters_the_valid_password() {
    // Write code here that turns the phrase above into concrete actions
    throw new io.cucumber.java.PendingException();
}
@When("Clicks on login button")
public void clicks_on_login_button() {
    // Write code here that turns the phrase above into concrete actions
    throw new io.cucumber.java.PendingException();
}
@Then("Verify the redirected page is valid")
public void verify_the_redirected_page_is_valid() {
    // Write code here that turns the phrase above into concrete actions
    throw new io.cucumber.java.PendingException();
}

</error>
  </testcase>
</testsuite>