<?xml version="1.0" encoding="UTF-8"?>
<testng-results ignored="0" total="3" passed="3" failed="0" skipped="0">
  <reporter-output>
  </reporter-output>
  <suite started-at="2025-01-12T18:35:42 UTC" name="Surefire suite" finished-at="2025-01-12T18:36:04 UTC" duration-ms="21695">
    <groups>
    </groups>
    <test started-at="2025-01-12T18:35:42 UTC" name="Surefire test" finished-at="2025-01-12T18:36:04 UTC" duration-ms="21695">
      <class name="com.rwd.TestRWD">
        <test-method signature="desktopView()[pri:1, instance:com.rwd.TestRWD@70a9f84e]" started-at="2025-01-12T18:35:42 UTC" name="desktopView" finished-at="2025-01-12T18:35:50 UTC" duration-ms="7859" status="PASS">
          <reporter-output>
          </reporter-output>
        </test-method> <!-- desktopView -->
        <test-method signature="tabView()[pri:2, instance:com.rwd.TestRWD@70a9f84e]" started-at="2025-01-12T18:35:50 UTC" name="tabView" finished-at="2025-01-12T18:35:57 UTC" duration-ms="6838" status="PASS">
          <reporter-output>
          </reporter-output>
        </test-method> <!-- tabView -->
        <test-method signature="mobileView()[pri:3, instance:com.rwd.TestRWD@70a9f84e]" started-at="2025-01-12T18:35:57 UTC" name="mobileView" finished-at="2025-01-12T18:36:04 UTC" duration-ms="6965" status="PASS">
          <reporter-output>
          </reporter-output>
        </test-method> <!-- mobileView -->
      </class> <!-- com.rwd.TestRWD -->
    </test> <!-- Surefire test -->
  </suite> <!-- Surefire suite -->
</testng-results>
