<?xml version="1.0" encoding="UTF-8"?>
<!-- Generated by org.testng.reporters.JUnitXMLReporter -->
<testsuite ignored="0" hostname="baaeddeeed322227336beebacfadacfctwo-0" failures="0" tests="3" name="Surefire test" time="24.186" errors="0" timestamp="2025-01-12T18:37:28 UTC">
  <testcase classname="com.rwd.TestRWD" name="desktopView" time="9.091"/>
  <testcase classname="com.rwd.TestRWD" name="tabView" time="7.905"/>
  <testcase classname="com.rwd.TestRWD" name="mobileView" time="7.157"/>
</testsuite> <!-- Surefire test -->
