<?xml version="1.0" encoding="UTF-8"?>
<!-- Generated by org.testng.reporters.JUnitXMLReporter -->
<testsuite ignored="0" hostname="baaeddeeed322227336beebacfadacfctwo-0" failures="0" tests="3" name="Surefire test" time="21.695" errors="0" timestamp="2025-01-12T18:36:04 UTC">
  <testcase classname="com.rwd.TestRWD" name="desktopView" time="7.859"/>
  <testcase classname="com.rwd.TestRWD" name="tabView" time="6.838"/>
  <testcase classname="com.rwd.TestRWD" name="mobileView" time="6.965"/>
</testsuite> <!-- Surefire test -->
