-------------------------------------------------------------------------------
Test set: com.jiomart.runner.TestRun
-------------------------------------------------------------------------------
Tests run: 2, Failures: 0, Errors: 1, Skipped: 0, Time elapsed: 0.623 s <<< FAILURE! - in com.jiomart.runner.TestRun
check Multiple Search values(Jiomart Advance Search)  Time elapsed: 0.213 s  <<< ERROR!
io.cucumber.junit.UndefinedStepException: 
The step 'User open the application' and 4 other step(s) are undefined.
You can implement these steps using the snippet(s) below:

@Given("User open the application")
public void user_open_the_application() {
    // Write code here that turns the phrase above into concrete actions
    throw new io.cucumber.java.PendingException();
}
@When("User click on the advance search icon, the search bar opens")
public void user_click_on_the_advance_search_icon_the_search_bar_opens() {
    // Write code here that turns the phrase above into concrete actions
    throw new io.cucumber.java.PendingException();
}
@When("User input two search values {string} and {string} inside search bar")
public void user_input_two_search_values_and_inside_search_bar(String string, String string2) {
    // Write code here that turns the phrase above into concrete actions
    throw new io.cucumber.java.PendingException();
}
@When("User clicks on searchAll button")
public void user_clicks_on_search_all_button() {
    // Write code here that turns the phrase above into concrete actions
    throw new io.cucumber.java.PendingException();
}
@Then("the search results page should display two search result products.")
public void the_search_results_page_should_display_two_search_result_products() {
    // Write code here that turns the phrase above into concrete actions
    throw new io.cucumber.java.PendingException();
}


