-------------------------------------------------------------------------------
Test set: com.jiomart.runner.TestRun
-------------------------------------------------------------------------------
Tests run: 1, Failures: 0, Errors: 1, Skipped: 0, Time elapsed: 0.52 s <<< FAILURE! - in com.jiomart.runner.TestRun
check user signIn module(Jiomart Sigin Feature)  Time elapsed: 0.113 s  <<< ERROR!
io.cucumber.junit.UndefinedStepException: 
The step 'User opened the Jiomart application.' and 4 other step(s) are undefined.
You can implement these steps using the snippet(s) below:

@Given("User opened the Jiomart application.")
public void user_opened_the_jiomart_application() {
    // Write code here that turns the phrase above into concrete actions
    throw new io.cucumber.java.PendingException();
}
@When("the user clicks on sign in, they are redirected to the sign-in module.")
public void the_user_clicks_on_sign_in_they_are_redirected_to_the_sign_in_module() {
    // Write code here that turns the phrase above into concrete actions
    throw new io.cucumber.java.PendingException();
}
@When("the user input the valid {string} mobile number.")
public void the_user_input_the_valid_mobile_number(String string) {
    // Write code here that turns the phrase above into concrete actions
    throw new io.cucumber.java.PendingException();
}
@When("the user clicks on the continue button.")
public void the_user_clicks_on_the_continue_button() {
    // Write code here that turns the phrase above into concrete actions
    throw new io.cucumber.java.PendingException();
}
@Then("the user should be prompted to enter the valid OTP.")
public void the_user_should_be_prompted_to_enter_the_valid_otp() {
    // Write code here that turns the phrase above into concrete actions
    throw new io.cucumber.java.PendingException();
}


