-------------------------------------------------------------------------------
Test set: com.jiomart.runner.TestRun
-------------------------------------------------------------------------------
Tests run: 1, Failures: 0, Errors: 1, Skipped: 0, Time elapsed: 0.175 s <<< FAILURE! - in com.jiomart.runner.TestRun
initializationError(com.jiomart.runner.TestRun)  Time elapsed: 0.004 s  <<< ERROR!
java.lang.IllegalArgumentException: The glue path contained invalid identifiers /stepdefinitions/SigninStepDefinition.java

