-------------------------------------------------------------------------------
Test set: com.jiomart.runner.TestRunner
-------------------------------------------------------------------------------
Tests run: 3, Failures: 0, Errors: 3, Skipped: 0, Time elapsed: 39.04 s <<< FAILURE! - in com.jiomart.runner.TestRunner
search #1(Jiomart Feature)  Time elapsed: 10.676 s  <<< ERROR!
io.cucumber.junit.UndefinedStepException: 
The step 'User input two search values "Bread" and "Jam" inside search bar' is undefined.
You can implement this step using the snippet(s) below:

@When("User input two search values {string} and {string} inside search bar")
public void user_input_two_search_values_and_inside_search_bar(String string, String string2) {
    // Write code here that turns the phrase above into concrete actions
    throw new io.cucumber.java.PendingException();
}


search #2(Jiomart Feature)  Time elapsed: 9.876 s  <<< ERROR!
io.cucumber.junit.UndefinedStepException: 
The step 'User input two search values "1234" and "" inside search bar' is undefined.
You can implement this step using the snippet(s) below:

@When("User input two search values {string} and {string} inside search bar")
public void user_input_two_search_values_and_inside_search_bar(String string, String string2) {
    // Write code here that turns the phrase above into concrete actions
    throw new io.cucumber.java.PendingException();
}


search #3(Jiomart Feature)  Time elapsed: 17.691 s  <<< ERROR!
io.cucumber.junit.UndefinedStepException: 
The step 'User input two search values "$$$$$" and "0000" inside search bar' is undefined.
You can implement this step using the snippet(s) below:

@When("User input two search values {string} and {string} inside search bar")
public void user_input_two_search_values_and_inside_search_bar(String string, String string2) {
    // Write code here that turns the phrase above into concrete actions
    throw new io.cucumber.java.PendingException();
}


