<?xml version="1.0" encoding="UTF-8"?>
<testsuite xmlns:xsi="http://www.w3.org/2001/XMLSchema-instance" xsi:noNamespaceSchemaLocation="https://maven.apache.org/surefire/maven-surefire-plugin/xsd/surefire-test-report.xsd" name="com.jiomart.runner.TestRunner" time="45.621" tests="2" errors="0" skipped="0" failures="0">
  <properties>
[...]
</properties>
  <testcase name="sigin" classname="Jiomart Feature" time="36.316"/>
  <testcase name="search" classname="Jiomart Feature" time="8.792"/>
</testsuite>